Arguments: 
  /Users/yoni/.nvm/versions/node/v10.15.0/bin/node /Users/yoni/.nvm/versions/node/v10.15.0/bin/yarn run webpack --mode development --watch

PATH: 
  /Users/yoni/.pyenv/shims:/Users/yoni/.pyenv/bin:/Users/yoni/.nvm/versions/node/v10.15.0/bin:/usr/local/php5/bin:/usr/local/opt/mysql@5.7/bin:/usr/local/Cellar/node/10.5.0_1/bin:/usr/local/bin:/usr/bin:/bin:/usr/sbin:/sbin:/usr/local/sbin:/Library/Java/JavaVirtualMachines/adoptopenjdk-8.jdk/Contents/Home:/usr/local/apache-maven-3.6.0/bin

Yarn version: 
  1.19.1

Node version: 
  10.15.0

Platform: 
  darwin x64

Trace: 
  SyntaxError: /Users/yoni/d-platform/30.DMap/00.workspace/baemin-web/client/package.json: Unexpected token } in JSON at position 2040
      at JSON.parse (<anonymous>)
      at /Users/yoni/.nvm/versions/node/v10.15.0/lib/node_modules/yarn/lib/cli.js:1625:59
      at Generator.next (<anonymous>)
      at step (/Users/yoni/.nvm/versions/node/v10.15.0/lib/node_modules/yarn/lib/cli.js:304:30)
      at /Users/yoni/.nvm/versions/node/v10.15.0/lib/node_modules/yarn/lib/cli.js:315:13

npm manifest: 
  {
    "name": "client",
    "version": "1.0.0",
    "description": "배달의 민족 웹사이트 - client",
    "main": "index.js",
    "author": "yonikim",
    "license": "MIT",
    "scripts": {
      "start": "webpack --mode development",
      "webpack": "webpack",
      "dev": "yarn run webpack --mode development --watch",
      "build": "yarn run webpack --mode production"
    },
    "dependencies": {
      "@babel/core": "^7.6.4",
      "@babel/plugin-proposal-class-properties": "^7.8.3",
      "@babel/plugin-proposal-decorators": "^7.8.3",
      "@babel/plugin-proposal-export-default-from": "^7.8.3",
      "@babel/plugin-proposal-export-namespace-from": "^7.8.3",
      "@babel/plugin-syntax-dynamic-import": "^7.2.0",
      "@babel/plugin-transform-runtime": "^7.6.2",
      "@babel/preset-env": "^7.6.3",
      "@babel/preset-react": "^7.6.3",
      "@babel/preset-typescript": "^7.9.0",
      "@babel/runtime-corejs2": "^7.9.2",
      "@types/jwt-decode": "^2.2.1",
      "@types/moment": "^2.13.0",
      "@types/react": "^16.9.11",
      "@types/react-dom": "^16.9.3",
      "@types/react-router": "^5.1.2",
      "@types/react-router-dom": "^5.1.0",
      "@typescript-eslint/eslint-plugin": "^2.5.0",
      "antd": "^3.26.7",
      "assets": "^3.0.1",
      "autobind-decorator": "^2.4.0",
      "axios": "^0.19.0",
      "babel": "^6.23.0",
      "babel-plugin-styled-components": "^1.10.6",
      "babel-plugin-transform-decorators-legacy": "^1.3.5",
      "babel-preset-mobx": "^2.0.0",
      "date-fns": "^1.3.13",
      "eslint": "^6.6.0",
      "eslint-config-prettier": "^6.5.0",
      "eslint-plugin-import": "^2.18.2",
      "eslint-plugin-prettier": "^3.1.1",
      "eslint-plugin-react": "^7.18.0",
      "eslint-plugin-react-hooks": "^2.2.0",
      "inspector": "^0.5.0",
      "jwt-decode": "^2.2.0",
      "mobx": "^5.14.2",
      "mobx-react": "^6.1.4",
      "moment": "^2.24.0",
      "prettier": "^1.18.2",
      "react": "^0.14.0 || ^15.0.0 || ^16",
      "react-dom": "^0.14.0 || ^15.0.0 || ^16",
      "react-modal": "^3.11.1",
      "react-router-dom": "^5.1.2",
      "workflow-engine": "^0.0.0",
      "ts-loader": "^6.2.2",
    },
    "devDependencies": {
      "babel-loader": "^8.1.0",
      "css-loader": "^3.4.2",
      "html-webpack-plugin": "^4.0.3",
      "style-loader": "^1.1.3",
      "webpack": "^4.42.1",
      "webpack-cli": "^3.3.11"
    }
  }

yarn manifest: 
  No manifest

Lockfile: 
  No lockfile
